<?xml version="1.0" encoding="UTF-8"?>
<!-- Generated by org.testng.reporters.JUnitXMLReporter -->
<testsuite ignored="0" hostname="DESKTOP-V8RC5B7" failures="0" tests="1" name="Test" time="0.067" errors="0" timestamp="2025-11-24T11:19:21 GMT-06:00">
  <testcase classname="pb_BaseLibrary.BaseClass_pb" name="@BeforeClass setup" time="-1.764004761776E9">
    <failure type="org.testng.TestNGException" message="
Parameter &amp;apos;browser&amp;apos; is required by BeforeClass on method setup but has not been marked @Optional or defined
in C:\Users\sonal\git\ParaBankProject\testOpenNewAccount.xml">
      <![CDATA[org.testng.TestNGException: 
Parameter 'browser' is required by BeforeClass on method setup but has not been marked @Optional or defined
in C:\Users\sonal\git\ParaBankProject\testOpenNewAccount.xml
at java.base/java.util.ArrayList.forEach(ArrayList.java:1597)
... Removed 22 stack frames]]>
    </failure>
  </testcase> <!-- @BeforeClass setup -->
  <testcase classname="pb_BaseLibrary.BaseClass_pb" name="@AfterClass tearDown" time="0.0">
    <skipped/>
  </testcase> <!-- @AfterClass tearDown -->
  <testcase classname="pb_TestCases.TestOpenNewAccount" name="testOpenNewAccount" time="0.0">
    <skipped/>
  </testcase> <!-- testOpenNewAccount -->
</testsuite> <!-- Test -->
