<?xml version="1.0" encoding="UTF-8"?>
<!-- Generated by org.testng.reporters.JUnitXMLReporter -->
<testsuite ignored="0" hostname="DESKTOP-V8RC5B7" failures="0" tests="3" name="FirefoxWorkFlowTest" time="33.472" errors="0" timestamp="2025-11-24T11:20:41 GMT-06:00">
  <testcase classname="pb_TestCases.TestRegisterNewUserAndLogin" name="verifyRegisterNewUser" time="1.998"/>
  <testcase classname="pb_TestCases.TestOpenNewAccount" name="testOpenNewAccount" time="3.413"/>
  <testcase classname="pb_TestCases.TestTranferFunds" name="testTransferFunds" time="7.129"/>
</testsuite> <!-- FirefoxWorkFlowTest -->
