<?xml version="1.0" encoding="UTF-8"?>
<!-- Generated by org.testng.reporters.JUnitXMLReporter -->
<testsuite ignored="4" hostname="DESKTOP-V8RC5B7" failures="0" tests="3" name="WorkFlowTest" time="9.356" errors="0" timestamp="2025-11-20T14:46:48 GMT-06:00">
  <testcase classname="pb_TestCases.TestRegisterNewUserAndLogin" name="verifyRegisterNewUser" time="2.936"/>
  <testcase classname="pb_TestCases.TestOpenNewAccount" name="testOpenNewAccount" time="1.808"/>
  <testcase classname="pb_TestCases.TestTranferFunds" name="testTransferFunds" time="4.494"/>
  <testcase classname="pb_BaseLibrary.BaseClass_pb" name="@BeforeSuite setup" time="0.0">
    <ignored/>
  </testcase> <!-- @BeforeSuite setup -->
  <testcase classname="pb_BaseLibrary.BaseClass_pb" name="@AfterSuite tearDown" time="0.0">
    <ignored/>
  </testcase> <!-- @AfterSuite tearDown -->
  <testcase classname="pb_BaseLibrary.BaseClass_pb" name="@AfterSuite tearDown" time="0.0">
    <ignored/>
  </testcase> <!-- @AfterSuite tearDown -->
  <testcase classname="pb_BaseLibrary.BaseClass_pb" name="@BeforeSuite setup" time="0.0">
    <ignored/>
  </testcase> <!-- @BeforeSuite setup -->
</testsuite> <!-- WorkFlowTest -->
