<?xml version="1.0" encoding="UTF-8"?>
<testng-results ignored="0" total="6" passed="5" failed="1" skipped="0">
  <reporter-output>
  </reporter-output>
  <suite started-at="2025-11-24T11:19:39 GMT-06:00" name="ParentSuite" finished-at="2025-11-24T11:20:41 GMT-06:00" duration-ms="61994">
    <groups>
    </groups>
    <test started-at="2025-11-24T11:19:39 GMT-06:00" name="ChromeWorkFlowTest" finished-at="2025-11-24T11:20:08 GMT-06:00" duration-ms="28454">
      <class name="pb_TestCases.TestTranferFunds">
        <test-method is-config="true" signature="setup(java.lang.String)[pri:0, instance:pb_TestCases.TestTranferFunds@1bb266b3]" started-at="2025-11-24T11:19:56 GMT-06:00" name="setup" finished-at="2025-11-24T11:19:59 GMT-06:00" duration-ms="2614" status="PASS">
          <params>
            <param index="0">
              <value>
                <![CDATA[chrome]]>
              </value>
            </param>
          </params>
          <reporter-output>
          </reporter-output>
        </test-method> <!-- setup -->
        <test-method signature="testTransferFunds()[pri:0, instance:pb_TestCases.TestTranferFunds@1bb266b3]" started-at="2025-11-24T11:19:59 GMT-06:00" name="testTransferFunds" finished-at="2025-11-24T11:20:08 GMT-06:00" duration-ms="9060" status="FAIL">
          <exception class="org.openqa.selenium.StaleElementReferenceException">
            <message>
              <![CDATA[stale element reference: stale element not found in the current frame
  (Session info: chrome=142.0.7444.176)
For documentation on this error, please visit: https://www.selenium.dev/documentation/webdriver/troubleshooting/errors#stale-element-reference-exception
Build info: version: '4.29.0', revision: '18ae989'
System info: os.name: 'Windows 11', os.arch: 'amd64', os.version: '10.0', java.version: '23.0.1'
Driver info: org.openqa.selenium.chrome.ChromeDriver
Command: [32e47c5affb17560ddbfab6b613ef38e, getElementText {id=f.F2327954D50A9D6FFF75C72CCE204B1F.d.BF4E0A10E9EC371446CB005ACD594644.e.142}]
Capabilities {acceptInsecureCerts: false, browserName: chrome, browserVersion: 142.0.7444.176, chrome: {chromedriverVersion: 142.0.7444.175 (302067f14a4..., userDataDir: C:\Users\sonal\AppData\Loca...}, fedcm:accounts: true, goog:chromeOptions: {debuggerAddress: localhost:55098}, goog:processID: 17824, networkConnectionEnabled: false, pageLoadStrategy: normal, platformName: windows, proxy: Proxy(), se:cdp: ws://localhost:55098/devtoo..., se:cdpVersion: 142.0.7444.176, setWindowRect: true, strictFileInteractability: false, timeouts: {implicit: 0, pageLoad: 300000, script: 30000}, unhandledPromptBehavior: dismiss and notify, webauthn:extension:credBlob: true, webauthn:extension:largeBlob: true, webauthn:extension:minPinLength: true, webauthn:extension:prf: true, webauthn:virtualAuthenticators: true}
Element: [[ChromeDriver: chrome on windows (32e47c5affb17560ddbfab6b613ef38e)] -> xpath: //table[@id='transactionTable']/tbody/tr[2]/child::td[2]/a]
Session ID: 32e47c5affb17560ddbfab6b613ef38e]]>
            </message>
            <full-stacktrace>
              <![CDATA[org.openqa.selenium.StaleElementReferenceException: stale element reference: stale element not found in the current frame
  (Session info: chrome=142.0.7444.176)
For documentation on this error, please visit: https://www.selenium.dev/documentation/webdriver/troubleshooting/errors#stale-element-reference-exception
Build info: version: '4.29.0', revision: '18ae989'
System info: os.name: 'Windows 11', os.arch: 'amd64', os.version: '10.0', java.version: '23.0.1'
Driver info: org.openqa.selenium.chrome.ChromeDriver
Command: [32e47c5affb17560ddbfab6b613ef38e, getElementText {id=f.F2327954D50A9D6FFF75C72CCE204B1F.d.BF4E0A10E9EC371446CB005ACD594644.e.142}]
Capabilities {acceptInsecureCerts: false, browserName: chrome, browserVersion: 142.0.7444.176, chrome: {chromedriverVersion: 142.0.7444.175 (302067f14a4..., userDataDir: C:\Users\sonal\AppData\Loca...}, fedcm:accounts: true, goog:chromeOptions: {debuggerAddress: localhost:55098}, goog:processID: 17824, networkConnectionEnabled: false, pageLoadStrategy: normal, platformName: windows, proxy: Proxy(), se:cdp: ws://localhost:55098/devtoo..., se:cdpVersion: 142.0.7444.176, setWindowRect: true, strictFileInteractability: false, timeouts: {implicit: 0, pageLoad: 300000, script: 30000}, unhandledPromptBehavior: dismiss and notify, webauthn:extension:credBlob: true, webauthn:extension:largeBlob: true, webauthn:extension:minPinLength: true, webauthn:extension:prf: true, webauthn:virtualAuthenticators: true}
Element: [[ChromeDriver: chrome on windows (32e47c5affb17560ddbfab6b613ef38e)] -> xpath: //table[@id='transactionTable']/tbody/tr[2]/child::td[2]/a]
Session ID: 32e47c5affb17560ddbfab6b613ef38e
at java.base/jdk.internal.reflect.DirectConstructorHandleAccessor.newInstance(DirectConstructorHandleAccessor.java:62)
at java.base/java.lang.reflect.Constructor.newInstanceWithCaller(Constructor.java:501)
at java.base/java.lang.reflect.Constructor.newInstance(Constructor.java:485)
at org.openqa.selenium.remote.ErrorCodec.decode(ErrorCodec.java:167)
at org.openqa.selenium.remote.codec.w3c.W3CHttpResponseCodec.decode(W3CHttpResponseCodec.java:138)
at org.openqa.selenium.remote.codec.w3c.W3CHttpResponseCodec.decode(W3CHttpResponseCodec.java:50)
at org.openqa.selenium.remote.HttpCommandExecutor.execute(HttpCommandExecutor.java:215)
at org.openqa.selenium.remote.service.DriverCommandExecutor.invokeExecute(DriverCommandExecutor.java:216)
at org.openqa.selenium.remote.service.DriverCommandExecutor.execute(DriverCommandExecutor.java:174)
at org.openqa.selenium.remote.RemoteWebDriver.execute(RemoteWebDriver.java:545)
at org.openqa.selenium.remote.RemoteWebElement.execute(RemoteWebElement.java:223)
at org.openqa.selenium.remote.RemoteWebElement.getText(RemoteWebElement.java:191)
at pb_PageObjects.AccountOverviewsPage.verifyAmountDebitted(AccountOverviewsPage.java:78)
at pb_TestCases.TestTranferFunds.testTransferFunds(TestTranferFunds.java:55)
at java.base/jdk.internal.reflect.DirectMethodHandleAccessor.invoke(DirectMethodHandleAccessor.java:103)
at java.base/java.lang.reflect.Method.invoke(Method.java:580)
at org.testng.internal.invokers.MethodInvocationHelper.invokeMethod(MethodInvocationHelper.java:141)
at org.testng.internal.invokers.TestInvoker.invokeMethod(TestInvoker.java:687)
at org.testng.internal.invokers.TestInvoker.invokeTestMethod(TestInvoker.java:230)
at org.testng.internal.invokers.MethodRunner.runInSequence(MethodRunner.java:63)
at org.testng.internal.invokers.TestInvoker$MethodInvocationAgent.invoke(TestInvoker.java:995)
at org.testng.internal.invokers.TestInvoker.invokeTestMethods(TestInvoker.java:203)
at org.testng.internal.invokers.TestMethodWorker.invokeTestMethods(TestMethodWorker.java:154)
at org.testng.internal.invokers.TestMethodWorker.run(TestMethodWorker.java:134)
at java.base/java.util.ArrayList.forEach(ArrayList.java:1597)
at org.testng.TestRunner.privateRun(TestRunner.java:741)
at org.testng.TestRunner.run(TestRunner.java:616)
at org.testng.SuiteRunner.runTest(SuiteRunner.java:421)
at org.testng.SuiteRunner.runSequentially(SuiteRunner.java:413)
at org.testng.SuiteRunner.privateRun(SuiteRunner.java:373)
at org.testng.SuiteRunner.run(SuiteRunner.java:312)
at org.testng.SuiteRunnerWorker.runSuite(SuiteRunnerWorker.java:52)
at org.testng.SuiteRunnerWorker.run(SuiteRunnerWorker.java:95)
at org.testng.TestNG.runSuitesSequentially(TestNG.java:1274)
at org.testng.TestNG.runSuitesLocally(TestNG.java:1208)
at org.testng.TestNG.runSuites(TestNG.java:1112)
at org.testng.TestNG.run(TestNG.java:1079)
at org.testng.remote.AbstractRemoteTestNG.run(AbstractRemoteTestNG.java:115)
at org.testng.remote.RemoteTestNG.initAndRun(RemoteTestNG.java:293)
at org.testng.remote.RemoteTestNG.main(RemoteTestNG.java:91)
]]>
            </full-stacktrace>
          </exception> <!-- org.openqa.selenium.StaleElementReferenceException -->
          <reporter-output>
          </reporter-output>
        </test-method> <!-- testTransferFunds -->
        <test-method is-config="true" signature="tearDown()[pri:0, instance:pb_TestCases.TestTranferFunds@1bb266b3]" started-at="2025-11-24T11:20:08 GMT-06:00" name="tearDown" finished-at="2025-11-24T11:20:08 GMT-06:00" duration-ms="163" status="PASS">
          <reporter-output>
          </reporter-output>
        </test-method> <!-- tearDown -->
      </class> <!-- pb_TestCases.TestTranferFunds -->
      <class name="pb_TestCases.TestRegisterNewUserAndLogin">
        <test-method is-config="true" signature="setup(java.lang.String)[pri:0, instance:pb_TestCases.TestRegisterNewUserAndLogin@524d6d96]" started-at="2025-11-24T11:19:39 GMT-06:00" name="setup" finished-at="2025-11-24T11:19:45 GMT-06:00" duration-ms="5427" status="PASS">
          <params>
            <param index="0">
              <value>
                <![CDATA[chrome]]>
              </value>
            </param>
          </params>
          <reporter-output>
          </reporter-output>
        </test-method> <!-- setup -->
        <test-method signature="verifyRegisterNewUser()[pri:0, instance:pb_TestCases.TestRegisterNewUserAndLogin@524d6d96]" started-at="2025-11-24T11:19:45 GMT-06:00" name="verifyRegisterNewUser" finished-at="2025-11-24T11:19:47 GMT-06:00" duration-ms="2655" status="PASS">
          <reporter-output>
          </reporter-output>
        </test-method> <!-- verifyRegisterNewUser -->
        <test-method is-config="true" signature="tearDown()[pri:0, instance:pb_TestCases.TestRegisterNewUserAndLogin@524d6d96]" started-at="2025-11-24T11:19:48 GMT-06:00" name="tearDown" finished-at="2025-11-24T11:19:48 GMT-06:00" duration-ms="117" status="PASS">
          <reporter-output>
          </reporter-output>
        </test-method> <!-- tearDown -->
      </class> <!-- pb_TestCases.TestRegisterNewUserAndLogin -->
      <class name="pb_TestCases.TestOpenNewAccount">
        <test-method is-config="true" signature="setup(java.lang.String)[pri:0, instance:pb_TestCases.TestOpenNewAccount@4e268090]" started-at="2025-11-24T11:19:48 GMT-06:00" name="setup" finished-at="2025-11-24T11:19:51 GMT-06:00" duration-ms="2903" status="PASS">
          <params>
            <param index="0">
              <value>
                <![CDATA[chrome]]>
              </value>
            </param>
          </params>
          <reporter-output>
          </reporter-output>
        </test-method> <!-- setup -->
        <test-method signature="testOpenNewAccount()[pri:0, instance:pb_TestCases.TestOpenNewAccount@4e268090]" started-at="2025-11-24T11:19:51 GMT-06:00" name="testOpenNewAccount" finished-at="2025-11-24T11:19:56 GMT-06:00" duration-ms="5319" status="PASS">
          <reporter-output>
          </reporter-output>
        </test-method> <!-- testOpenNewAccount -->
        <test-method is-config="true" signature="tearDown()[pri:0, instance:pb_TestCases.TestOpenNewAccount@4e268090]" started-at="2025-11-24T11:19:56 GMT-06:00" name="tearDown" finished-at="2025-11-24T11:19:56 GMT-06:00" duration-ms="120" status="PASS">
          <reporter-output>
          </reporter-output>
        </test-method> <!-- tearDown -->
      </class> <!-- pb_TestCases.TestOpenNewAccount -->
    </test> <!-- ChromeWorkFlowTest -->
    <test started-at="2025-11-24T11:20:08 GMT-06:00" name="FirefoxWorkFlowTest" finished-at="2025-11-24T11:20:41 GMT-06:00" duration-ms="33472">
      <class name="pb_TestCases.TestTranferFunds">
        <test-method is-config="true" signature="setup(java.lang.String)[pri:0, instance:pb_TestCases.TestTranferFunds@625732]" started-at="2025-11-24T11:20:28 GMT-06:00" name="setup" finished-at="2025-11-24T11:20:33 GMT-06:00" duration-ms="5595" status="PASS">
          <params>
            <param index="0">
              <value>
                <![CDATA[firefox]]>
              </value>
            </param>
          </params>
          <reporter-output>
          </reporter-output>
        </test-method> <!-- setup -->
        <test-method signature="testTransferFunds()[pri:0, instance:pb_TestCases.TestTranferFunds@625732]" started-at="2025-11-24T11:20:33 GMT-06:00" name="testTransferFunds" finished-at="2025-11-24T11:20:40 GMT-06:00" duration-ms="7129" status="PASS">
          <reporter-output>
          </reporter-output>
        </test-method> <!-- testTransferFunds -->
        <test-method is-config="true" signature="tearDown()[pri:0, instance:pb_TestCases.TestTranferFunds@625732]" started-at="2025-11-24T11:20:40 GMT-06:00" name="tearDown" finished-at="2025-11-24T11:20:41 GMT-06:00" duration-ms="1037" status="PASS">
          <reporter-output>
          </reporter-output>
        </test-method> <!-- tearDown -->
      </class> <!-- pb_TestCases.TestTranferFunds -->
      <class name="pb_TestCases.TestRegisterNewUserAndLogin">
        <test-method is-config="true" signature="setup(java.lang.String)[pri:0, instance:pb_TestCases.TestRegisterNewUserAndLogin@41fecb8b]" started-at="2025-11-24T11:20:08 GMT-06:00" name="setup" finished-at="2025-11-24T11:20:15 GMT-06:00" duration-ms="6745" status="PASS">
          <params>
            <param index="0">
              <value>
                <![CDATA[firefox]]>
              </value>
            </param>
          </params>
          <reporter-output>
          </reporter-output>
        </test-method> <!-- setup -->
        <test-method signature="verifyRegisterNewUser()[pri:0, instance:pb_TestCases.TestRegisterNewUserAndLogin@41fecb8b]" started-at="2025-11-24T11:20:15 GMT-06:00" name="verifyRegisterNewUser" finished-at="2025-11-24T11:20:17 GMT-06:00" duration-ms="1998" status="PASS">
          <reporter-output>
          </reporter-output>
        </test-method> <!-- verifyRegisterNewUser -->
        <test-method is-config="true" signature="tearDown()[pri:0, instance:pb_TestCases.TestRegisterNewUserAndLogin@41fecb8b]" started-at="2025-11-24T11:20:17 GMT-06:00" name="tearDown" finished-at="2025-11-24T11:20:18 GMT-06:00" duration-ms="1175" status="PASS">
          <reporter-output>
          </reporter-output>
        </test-method> <!-- tearDown -->
      </class> <!-- pb_TestCases.TestRegisterNewUserAndLogin -->
      <class name="pb_TestCases.TestOpenNewAccount">
        <test-method is-config="true" signature="setup(java.lang.String)[pri:0, instance:pb_TestCases.TestOpenNewAccount@120f102b]" started-at="2025-11-24T11:20:18 GMT-06:00" name="setup" finished-at="2025-11-24T11:20:23 GMT-06:00" duration-ms="5430" status="PASS">
          <params>
            <param index="0">
              <value>
                <![CDATA[firefox]]>
              </value>
            </param>
          </params>
          <reporter-output>
          </reporter-output>
        </test-method> <!-- setup -->
        <test-method signature="testOpenNewAccount()[pri:0, instance:pb_TestCases.TestOpenNewAccount@120f102b]" started-at="2025-11-24T11:20:23 GMT-06:00" name="testOpenNewAccount" finished-at="2025-11-24T11:20:27 GMT-06:00" duration-ms="3413" status="PASS">
          <reporter-output>
          </reporter-output>
        </test-method> <!-- testOpenNewAccount -->
        <test-method is-config="true" signature="tearDown()[pri:0, instance:pb_TestCases.TestOpenNewAccount@120f102b]" started-at="2025-11-24T11:20:27 GMT-06:00" name="tearDown" finished-at="2025-11-24T11:20:28 GMT-06:00" duration-ms="936" status="PASS">
          <reporter-output>
          </reporter-output>
        </test-method> <!-- tearDown -->
      </class> <!-- pb_TestCases.TestOpenNewAccount -->
    </test> <!-- FirefoxWorkFlowTest -->
  </suite> <!-- ParentSuite -->
</testng-results>
