<?xml version="1.0" encoding="UTF-8"?>
<!-- Generated by org.testng.reporters.JUnitReportReporter -->
<testsuite hostname="DESKTOP-V8RC5B7" failures="0" tests="2" name="pb_TestCases.TestRegisterNewUserAndLogin" time="4.653" errors="0" timestamp="2025-11-24T11:20:41 GMT-06:00" skipped="0">
  <testcase classname="pb_TestCases.TestRegisterNewUserAndLogin" name="verifyRegisterNewUser" time="1.998"/>
  <testcase classname="pb_TestCases.TestRegisterNewUserAndLogin" name="verifyRegisterNewUser" time="2.655"/>
</testsuite> <!-- pb_TestCases.TestRegisterNewUserAndLogin -->
